
Gurobi 8.0.0 (linux64) logging started Sun May 27 17:46:04 2018

Academic license - for non-commercial use only

Gurobi Optimizer version 8.0.0 build v8.0.0rc0 (linux64)
Copyright (c) 2018, Gurobi Optimization, LLC

Error reading LP format file model/model.lp at line 4
LP format file must begin with a keyword
Neighboring tokens: " /* QUEENS, a classic combinatorial optimization "


ERROR 10012: Unable to read file


Gurobi 8.0.0 (linux64) logging started Sun May 27 17:46:42 2018

Academic license - for non-commercial use only

Gurobi Optimizer version 8.0.0 build v8.0.0rc0 (linux64)
Copyright (c) 2018, Gurobi Optimization, LLC


ERROR 10012: Unknown file type for file 'bin/lp.m'


Gurobi 8.0.0 (linux64) logging started Sun May 27 18:00:21 2018

Academic license - for non-commercial use only

Gurobi Optimizer version 8.0.0 build v8.0.0rc0 (linux64)
Copyright (c) 2018, Gurobi Optimization, LLC

Read LP format model from file model/model.lp
Reading time = 0.03 seconds
: 4 rows, 9 columns, 16 nonzeros
Optimize a model with 4 rows, 9 columns and 16 nonzeros
Variable types: 4 continuous, 5 integer (0 binary)
Coefficient statistics:
  Matrix range     [6e-02, 7e+00]
  Objective range  [1e-02, 1e+00]
  Bounds range     [5e+01, 1e+03]
  RHS range        [0e+00, 0e+00]
Found heuristic solution: objective -0.0000000
Presolve removed 1 rows and 5 columns
Presolve time: 0.01s
Presolved: 3 rows, 4 columns, 9 nonzeros
Variable types: 0 continuous, 4 integer (0 binary)

Root relaxation: objective 1.134615e+02, 2 iterations, 0.00 seconds

    Nodes    |    Current Node    |     Objective Bounds      |     Work
 Expl Unexpl |  Obj  Depth IntInf | Incumbent    BestBd   Gap | It/Node Time

     0     0  113.46154    0    1   -0.00000  113.46154      -     -    0s
H    0     0                     113.4500000  113.46154  0.01%     -    0s

Explored 1 nodes (2 simplex iterations) in 0.05 seconds
Thread count was 4 (of 4 available processors)

Solution count 2: 113.45 -0 

Optimal solution found (tolerance 1.00e-04)
Best objective 1.134500000000e+02, best bound 1.134600000000e+02, gap 0.0088%

Gurobi 8.0.0 (linux64, Python) logging started Sun May 27 19:13:18 2018

Academic license - for non-commercial use only
Optimize a model with 20 rows, 27 columns and 54 nonzeros
Variable types: 18 continuous, 9 integer (9 binary)
Coefficient statistics:
  Matrix range     [1e+00, 1e+00]
  Objective range  [5e-01, 4e+00]
  Bounds range     [1e+00, 1e+00]
  RHS range        [1e+00, 1e+00]
Presolve time: 0.03s
Presolved: 20 rows, 27 columns, 54 nonzeros
Variable types: 18 continuous, 9 integer (9 binary)

Root relaxation: objective 4.723713e+00, 15 iterations, 0.00 seconds

    Nodes    |    Current Node    |     Objective Bounds      |     Work
 Expl Unexpl |  Obj  Depth IntInf | Incumbent    BestBd   Gap | It/Node Time

*    0     0               0       4.7237129    4.72371  0.00%     -    0s

Explored 0 nodes (15 simplex iterations) in 0.06 seconds
Thread count was 4 (of 4 available processors)

Solution count 1: 4.72371 

Optimal solution found (tolerance 1.00e-04)
Best objective 4.723712908962e+00, best bound 4.723712908962e+00, gap 0.0000%
Freed default Gurobi environment

Gurobi 8.0.0 (linux64, Python) logging started Sun May 27 19:22:23 2018

Academic license - for non-commercial use only
Optimize a model with 20 rows, 27 columns and 54 nonzeros
Variable types: 18 continuous, 9 integer (9 binary)
Coefficient statistics:
  Matrix range     [1e+00, 1e+00]
  Objective range  [5e-01, 4e+00]
  Bounds range     [1e+00, 1e+00]
  RHS range        [1e+00, 1e+00]
Presolve time: 0.00s
Presolved: 20 rows, 27 columns, 54 nonzeros
Variable types: 18 continuous, 9 integer (9 binary)

Root relaxation: objective 4.723713e+00, 15 iterations, 0.00 seconds

    Nodes    |    Current Node    |     Objective Bounds      |     Work
 Expl Unexpl |  Obj  Depth IntInf | Incumbent    BestBd   Gap | It/Node Time

*    0     0               0       4.7237129    4.72371  0.00%     -    0s

Explored 0 nodes (15 simplex iterations) in 0.01 seconds
Thread count was 4 (of 4 available processors)

Solution count 1: 4.72371 

Optimal solution found (tolerance 1.00e-04)
Best objective 4.723712908962e+00, best bound 4.723712908962e+00, gap 0.0000%
Freed default Gurobi environment

Gurobi 8.0.0 (linux64, Python) logging started Sun May 27 19:27:58 2018

Academic license - for non-commercial use only
Optimize a model with 20 rows, 27 columns and 54 nonzeros
Variable types: 18 continuous, 9 integer (9 binary)
Coefficient statistics:
  Matrix range     [1e+00, 1e+00]
  Objective range  [5e-01, 4e+00]
  Bounds range     [1e+00, 1e+00]
  RHS range        [1e+00, 1e+00]
Presolve time: 0.00s
Presolved: 20 rows, 27 columns, 54 nonzeros
Variable types: 18 continuous, 9 integer (9 binary)

Root relaxation: objective 4.723713e+00, 15 iterations, 0.00 seconds

    Nodes    |    Current Node    |     Objective Bounds      |     Work
 Expl Unexpl |  Obj  Depth IntInf | Incumbent    BestBd   Gap | It/Node Time

*    0     0               0       4.7237129    4.72371  0.00%     -    0s

Explored 0 nodes (15 simplex iterations) in 0.01 seconds
Thread count was 4 (of 4 available processors)

Solution count 1: 4.72371 

Optimal solution found (tolerance 1.00e-04)
Best objective 4.723712908962e+00, best bound 4.723712908962e+00, gap 0.0000%
Freed default Gurobi environment

Gurobi 8.0.0 (linux64, Python) logging started Sun May 27 20:54:23 2018

Academic license - for non-commercial use only
Freed default Gurobi environment

Gurobi 8.0.0 (linux64, Python) logging started Sun May 27 20:55:01 2018

Academic license - for non-commercial use only
Optimize a model with 110 rows, 100 columns and 280 nonzeros
Variable types: 0 continuous, 100 integer (100 binary)
Coefficient statistics:
  Matrix range     [1e+00, 1e+00]
  Objective range  [0e+00, 0e+00]
  Bounds range     [1e+00, 1e+00]
  RHS range        [1e+00, 1e+00]
Found heuristic solution: objective 0.0000000

Explored 0 nodes (0 simplex iterations) in 0.00 seconds
Thread count was 1 (of 4 available processors)

Solution count 1: 0 

Optimal solution found (tolerance 1.00e-04)
Best objective 0.000000000000e+00, best bound 0.000000000000e+00, gap 0.0000%
Freed default Gurobi environment

Gurobi 8.0.0 (linux64, Python) logging started Sun May 27 20:55:03 2018

Academic license - for non-commercial use only
Optimize a model with 110 rows, 100 columns and 280 nonzeros
Variable types: 0 continuous, 100 integer (100 binary)
Coefficient statistics:
  Matrix range     [1e+00, 1e+00]
  Objective range  [0e+00, 0e+00]
  Bounds range     [1e+00, 1e+00]
  RHS range        [1e+00, 1e+00]
Found heuristic solution: objective 0.0000000

Explored 0 nodes (0 simplex iterations) in 0.00 seconds
Thread count was 1 (of 4 available processors)

Solution count 1: 0 

Optimal solution found (tolerance 1.00e-04)
Best objective 0.000000000000e+00, best bound 0.000000000000e+00, gap 0.0000%
Freed default Gurobi environment

Gurobi 8.0.0 (linux64, Python) logging started Sun May 27 21:00:37 2018

Academic license - for non-commercial use only
Freed default Gurobi environment

Gurobi 8.0.0 (linux64, Python) logging started Sun May 27 21:00:38 2018

Academic license - for non-commercial use only
Freed default Gurobi environment

Gurobi 8.0.0 (linux64, Python) logging started Sun May 27 21:01:26 2018

Academic license - for non-commercial use only
Freed default Gurobi environment

Gurobi 8.0.0 (linux64, Python) logging started Sun May 27 21:03:33 2018

Academic license - for non-commercial use only
Optimize a model with 110 rows, 100 columns and 280 nonzeros
Variable types: 0 continuous, 100 integer (100 binary)
Coefficient statistics:
  Matrix range     [1e+00, 1e+00]
  Objective range  [2e+04, 4e+11]
  Bounds range     [1e+00, 1e+00]
  RHS range        [1e+00, 1e+00]
Warning: Model contains large objective coefficients
         Consider reformulating model or setting NumericFocus parameter
         to avoid numerical issues.
Found heuristic solution: objective 8.277411e+11
Presolve removed 10 rows and 0 columns
Presolve time: 0.00s
Presolved: 100 rows, 100 columns, 280 nonzeros
Variable types: 0 continuous, 100 integer (100 binary)

Root relaxation: objective 9.090181e+10, 91 iterations, 0.00 seconds

    Nodes    |    Current Node    |     Objective Bounds      |     Work
 Expl Unexpl |  Obj  Depth IntInf | Incumbent    BestBd   Gap | It/Node Time

*    0     0               0    9.090181e+10 9.0902e+10  0.00%     -    0s

Explored 0 nodes (91 simplex iterations) in 0.00 seconds
Thread count was 4 (of 4 available processors)

Solution count 2: 9.09018e+10 8.27741e+11 

Optimal solution found (tolerance 1.00e-04)
Best objective 9.090180557000e+10, best bound 9.090180557000e+10, gap 0.0000%
Freed default Gurobi environment

Gurobi 8.0.0 (linux64, Python) logging started Sun May 27 21:03:39 2018

Academic license - for non-commercial use only
Optimize a model with 110 rows, 100 columns and 280 nonzeros
Variable types: 0 continuous, 100 integer (100 binary)
Coefficient statistics:
  Matrix range     [1e+00, 1e+00]
  Objective range  [2e+04, 4e+11]
  Bounds range     [1e+00, 1e+00]
  RHS range        [1e+00, 1e+00]
Warning: Model contains large objective coefficients
         Consider reformulating model or setting NumericFocus parameter
         to avoid numerical issues.
Found heuristic solution: objective 8.277411e+11
Presolve removed 10 rows and 0 columns
Presolve time: 0.00s
Presolved: 100 rows, 100 columns, 280 nonzeros
Variable types: 0 continuous, 100 integer (100 binary)

Root relaxation: objective 9.090181e+10, 91 iterations, 0.00 seconds

    Nodes    |    Current Node    |     Objective Bounds      |     Work
 Expl Unexpl |  Obj  Depth IntInf | Incumbent    BestBd   Gap | It/Node Time

*    0     0               0    9.090181e+10 9.0902e+10  0.00%     -    0s

Explored 0 nodes (91 simplex iterations) in 0.01 seconds
Thread count was 4 (of 4 available processors)

Solution count 2: 9.09018e+10 8.27741e+11 

Optimal solution found (tolerance 1.00e-04)
Best objective 9.090180557000e+10, best bound 9.090180557000e+10, gap 0.0000%
Freed default Gurobi environment

Gurobi 8.0.0 (linux64, Python) logging started Sun May 27 21:03:41 2018

Academic license - for non-commercial use only
Optimize a model with 110 rows, 100 columns and 280 nonzeros
Variable types: 0 continuous, 100 integer (100 binary)
Coefficient statistics:
  Matrix range     [1e+00, 1e+00]
  Objective range  [2e+04, 4e+11]
  Bounds range     [1e+00, 1e+00]
  RHS range        [1e+00, 1e+00]
Warning: Model contains large objective coefficients
         Consider reformulating model or setting NumericFocus parameter
         to avoid numerical issues.
Found heuristic solution: objective 8.277411e+11
Presolve removed 10 rows and 0 columns
Presolve time: 0.00s
Presolved: 100 rows, 100 columns, 280 nonzeros
Variable types: 0 continuous, 100 integer (100 binary)

Root relaxation: objective 9.090181e+10, 91 iterations, 0.00 seconds

    Nodes    |    Current Node    |     Objective Bounds      |     Work
 Expl Unexpl |  Obj  Depth IntInf | Incumbent    BestBd   Gap | It/Node Time

*    0     0               0    9.090181e+10 9.0902e+10  0.00%     -    0s

Explored 0 nodes (91 simplex iterations) in 0.01 seconds
Thread count was 4 (of 4 available processors)

Solution count 2: 9.09018e+10 8.27741e+11 

Optimal solution found (tolerance 1.00e-04)
Best objective 9.090180557000e+10, best bound 9.090180557000e+10, gap 0.0000%
Freed default Gurobi environment

Gurobi 8.0.0 (linux64, Python) logging started Sun May 27 21:04:17 2018

Academic license - for non-commercial use only
Optimize a model with 110 rows, 100 columns and 280 nonzeros
Variable types: 0 continuous, 100 integer (100 binary)
Coefficient statistics:
  Matrix range     [1e+00, 1e+00]
  Objective range  [2e+04, 4e+11]
  Bounds range     [1e+00, 1e+00]
  RHS range        [1e+00, 1e+00]
Warning: Model contains large objective coefficients
         Consider reformulating model or setting NumericFocus parameter
         to avoid numerical issues.
Found heuristic solution: objective 8.277411e+11
Presolve removed 10 rows and 0 columns
Presolve time: 0.00s
Presolved: 100 rows, 100 columns, 280 nonzeros
Variable types: 0 continuous, 100 integer (100 binary)

Root relaxation: objective 9.090181e+10, 91 iterations, 0.00 seconds

    Nodes    |    Current Node    |     Objective Bounds      |     Work
 Expl Unexpl |  Obj  Depth IntInf | Incumbent    BestBd   Gap | It/Node Time

*    0     0               0    9.090181e+10 9.0902e+10  0.00%     -    0s

Explored 0 nodes (91 simplex iterations) in 0.00 seconds
Thread count was 4 (of 4 available processors)

Solution count 2: 9.09018e+10 8.27741e+11 

Optimal solution found (tolerance 1.00e-04)
Best objective 9.090180557000e+10, best bound 9.090180557000e+10, gap 0.0000%
Freed default Gurobi environment

Gurobi 8.0.0 (linux64, Python) logging started Sun May 27 21:04:59 2018

Academic license - for non-commercial use only
Optimize a model with 110 rows, 100 columns and 280 nonzeros
Variable types: 0 continuous, 100 integer (100 binary)
Coefficient statistics:
  Matrix range     [1e+00, 1e+00]
  Objective range  [2e+04, 4e+11]
  Bounds range     [1e+00, 1e+00]
  RHS range        [1e+00, 1e+00]
Warning: Model contains large objective coefficients
         Consider reformulating model or setting NumericFocus parameter
         to avoid numerical issues.
Found heuristic solution: objective 8.277411e+11
Presolve removed 10 rows and 0 columns
Presolve time: 0.00s
Presolved: 100 rows, 100 columns, 280 nonzeros
Variable types: 0 continuous, 100 integer (100 binary)

Root relaxation: objective 9.090181e+10, 91 iterations, 0.00 seconds

    Nodes    |    Current Node    |     Objective Bounds      |     Work
 Expl Unexpl |  Obj  Depth IntInf | Incumbent    BestBd   Gap | It/Node Time

*    0     0               0    9.090181e+10 9.0902e+10  0.00%     -    0s

Explored 0 nodes (91 simplex iterations) in 0.01 seconds
Thread count was 4 (of 4 available processors)

Solution count 2: 9.09018e+10 8.27741e+11 

Optimal solution found (tolerance 1.00e-04)
Best objective 9.090180557000e+10, best bound 9.090180557000e+10, gap 0.0000%
Freed default Gurobi environment

Gurobi 8.0.0 (linux64, Python) logging started Sun May 27 21:05:09 2018

Academic license - for non-commercial use only
Optimize a model with 110 rows, 100 columns and 280 nonzeros
Variable types: 0 continuous, 100 integer (100 binary)
Coefficient statistics:
  Matrix range     [1e+00, 1e+00]
  Objective range  [2e+04, 4e+11]
  Bounds range     [1e+00, 1e+00]
  RHS range        [1e+00, 1e+00]
Warning: Model contains large objective coefficients
         Consider reformulating model or setting NumericFocus parameter
         to avoid numerical issues.
Found heuristic solution: objective 8.277411e+11
Presolve removed 10 rows and 0 columns
Presolve time: 0.00s
Presolved: 100 rows, 100 columns, 280 nonzeros
Variable types: 0 continuous, 100 integer (100 binary)

Root relaxation: objective 9.090181e+10, 91 iterations, 0.00 seconds

    Nodes    |    Current Node    |     Objective Bounds      |     Work
 Expl Unexpl |  Obj  Depth IntInf | Incumbent    BestBd   Gap | It/Node Time

*    0     0               0    9.090181e+10 9.0902e+10  0.00%     -    0s

Explored 0 nodes (91 simplex iterations) in 0.00 seconds
Thread count was 4 (of 4 available processors)

Solution count 2: 9.09018e+10 8.27741e+11 

Optimal solution found (tolerance 1.00e-04)
Best objective 9.090180557000e+10, best bound 9.090180557000e+10, gap 0.0000%
Freed default Gurobi environment

Gurobi 8.0.0 (linux64, Python) logging started Sun May 27 21:05:10 2018

Academic license - for non-commercial use only
Optimize a model with 110 rows, 100 columns and 280 nonzeros
Variable types: 0 continuous, 100 integer (100 binary)
Coefficient statistics:
  Matrix range     [1e+00, 1e+00]
  Objective range  [2e+04, 4e+11]
  Bounds range     [1e+00, 1e+00]
  RHS range        [1e+00, 1e+00]
Warning: Model contains large objective coefficients
         Consider reformulating model or setting NumericFocus parameter
         to avoid numerical issues.
Found heuristic solution: objective 8.277411e+11
Presolve removed 10 rows and 0 columns
Presolve time: 0.00s
Presolved: 100 rows, 100 columns, 280 nonzeros
Variable types: 0 continuous, 100 integer (100 binary)

Root relaxation: objective 9.090181e+10, 91 iterations, 0.00 seconds

    Nodes    |    Current Node    |     Objective Bounds      |     Work
 Expl Unexpl |  Obj  Depth IntInf | Incumbent    BestBd   Gap | It/Node Time

*    0     0               0    9.090181e+10 9.0902e+10  0.00%     -    0s

Explored 0 nodes (91 simplex iterations) in 0.00 seconds
Thread count was 4 (of 4 available processors)

Solution count 2: 9.09018e+10 8.27741e+11 

Optimal solution found (tolerance 1.00e-04)
Best objective 9.090180557000e+10, best bound 9.090180557000e+10, gap 0.0000%
Freed default Gurobi environment

Gurobi 8.0.0 (linux64, Python) logging started Sun May 27 21:05:11 2018

Academic license - for non-commercial use only
Optimize a model with 110 rows, 100 columns and 280 nonzeros
Variable types: 0 continuous, 100 integer (100 binary)
Coefficient statistics:
  Matrix range     [1e+00, 1e+00]
  Objective range  [2e+04, 4e+11]
  Bounds range     [1e+00, 1e+00]
  RHS range        [1e+00, 1e+00]
Warning: Model contains large objective coefficients
         Consider reformulating model or setting NumericFocus parameter
         to avoid numerical issues.
Found heuristic solution: objective 8.277411e+11
Presolve removed 10 rows and 0 columns
Presolve time: 0.00s
Presolved: 100 rows, 100 columns, 280 nonzeros
Variable types: 0 continuous, 100 integer (100 binary)

Root relaxation: objective 9.090181e+10, 91 iterations, 0.00 seconds

    Nodes    |    Current Node    |     Objective Bounds      |     Work
 Expl Unexpl |  Obj  Depth IntInf | Incumbent    BestBd   Gap | It/Node Time

*    0     0               0    9.090181e+10 9.0902e+10  0.00%     -    0s

Explored 0 nodes (91 simplex iterations) in 0.00 seconds
Thread count was 4 (of 4 available processors)

Solution count 2: 9.09018e+10 8.27741e+11 

Optimal solution found (tolerance 1.00e-04)
Best objective 9.090180557000e+10, best bound 9.090180557000e+10, gap 0.0000%
Freed default Gurobi environment

Gurobi 8.0.0 (linux64, Python) logging started Sun May 27 21:05:12 2018

Academic license - for non-commercial use only
Optimize a model with 110 rows, 100 columns and 280 nonzeros
Variable types: 0 continuous, 100 integer (100 binary)
Coefficient statistics:
  Matrix range     [1e+00, 1e+00]
  Objective range  [2e+04, 4e+11]
  Bounds range     [1e+00, 1e+00]
  RHS range        [1e+00, 1e+00]
Warning: Model contains large objective coefficients
         Consider reformulating model or setting NumericFocus parameter
         to avoid numerical issues.
Found heuristic solution: objective 8.277411e+11
Presolve removed 10 rows and 0 columns
Presolve time: 0.00s
Presolved: 100 rows, 100 columns, 280 nonzeros
Variable types: 0 continuous, 100 integer (100 binary)

Root relaxation: objective 9.090181e+10, 91 iterations, 0.00 seconds

    Nodes    |    Current Node    |     Objective Bounds      |     Work
 Expl Unexpl |  Obj  Depth IntInf | Incumbent    BestBd   Gap | It/Node Time

*    0     0               0    9.090181e+10 9.0902e+10  0.00%     -    0s

Explored 0 nodes (91 simplex iterations) in 0.00 seconds
Thread count was 4 (of 4 available processors)

Solution count 2: 9.09018e+10 8.27741e+11 

Optimal solution found (tolerance 1.00e-04)
Best objective 9.090180557000e+10, best bound 9.090180557000e+10, gap 0.0000%
Freed default Gurobi environment

Gurobi 8.0.0 (linux64, Python) logging started Sun May 27 21:06:00 2018

Academic license - for non-commercial use only
Optimize a model with 110 rows, 100 columns and 280 nonzeros
Variable types: 0 continuous, 100 integer (100 binary)
Coefficient statistics:
  Matrix range     [1e+00, 1e+00]
  Objective range  [2e+04, 4e+11]
  Bounds range     [1e+00, 1e+00]
  RHS range        [1e+00, 1e+00]
Warning: Model contains large objective coefficients
         Consider reformulating model or setting NumericFocus parameter
         to avoid numerical issues.
Found heuristic solution: objective 8.277411e+11
Presolve removed 10 rows and 0 columns
Presolve time: 0.00s
Presolved: 100 rows, 100 columns, 280 nonzeros
Variable types: 0 continuous, 100 integer (100 binary)

Root relaxation: objective 9.090181e+10, 91 iterations, 0.00 seconds

    Nodes    |    Current Node    |     Objective Bounds      |     Work
 Expl Unexpl |  Obj  Depth IntInf | Incumbent    BestBd   Gap | It/Node Time

*    0     0               0    9.090181e+10 9.0902e+10  0.00%     -    0s

Explored 0 nodes (91 simplex iterations) in 0.00 seconds
Thread count was 4 (of 4 available processors)

Solution count 2: 9.09018e+10 8.27741e+11 

Optimal solution found (tolerance 1.00e-04)
Best objective 9.090180557000e+10, best bound 9.090180557000e+10, gap 0.0000%
Freed default Gurobi environment

Gurobi 8.0.0 (linux64, Python) logging started Sun May 27 21:06:13 2018

Academic license - for non-commercial use only
Optimize a model with 110 rows, 100 columns and 280 nonzeros
Variable types: 0 continuous, 100 integer (100 binary)
Coefficient statistics:
  Matrix range     [1e+00, 1e+00]
  Objective range  [2e+04, 4e+11]
  Bounds range     [1e+00, 1e+00]
  RHS range        [1e+00, 1e+00]
Warning: Model contains large objective coefficients
         Consider reformulating model or setting NumericFocus parameter
         to avoid numerical issues.
Found heuristic solution: objective 8.277411e+11
Presolve removed 10 rows and 0 columns
Presolve time: 0.00s
Presolved: 100 rows, 100 columns, 280 nonzeros
Variable types: 0 continuous, 100 integer (100 binary)

Root relaxation: objective 9.090181e+10, 91 iterations, 0.00 seconds

    Nodes    |    Current Node    |     Objective Bounds      |     Work
 Expl Unexpl |  Obj  Depth IntInf | Incumbent    BestBd   Gap | It/Node Time

*    0     0               0    9.090181e+10 9.0902e+10  0.00%     -    0s

Explored 0 nodes (91 simplex iterations) in 0.02 seconds
Thread count was 4 (of 4 available processors)

Solution count 2: 9.09018e+10 8.27741e+11 

Optimal solution found (tolerance 1.00e-04)
Best objective 9.090180557000e+10, best bound 9.090180557000e+10, gap 0.0000%
Freed default Gurobi environment

Gurobi 8.0.0 (linux64, Python) logging started Sun May 27 21:06:14 2018

Academic license - for non-commercial use only
Optimize a model with 110 rows, 100 columns and 280 nonzeros
Variable types: 0 continuous, 100 integer (100 binary)
Coefficient statistics:
  Matrix range     [1e+00, 1e+00]
  Objective range  [2e+04, 4e+11]
  Bounds range     [1e+00, 1e+00]
  RHS range        [1e+00, 1e+00]
Warning: Model contains large objective coefficients
         Consider reformulating model or setting NumericFocus parameter
         to avoid numerical issues.
Found heuristic solution: objective 8.277411e+11
Presolve removed 10 rows and 0 columns
Presolve time: 0.00s
Presolved: 100 rows, 100 columns, 280 nonzeros
Variable types: 0 continuous, 100 integer (100 binary)

Root relaxation: objective 9.090181e+10, 91 iterations, 0.00 seconds

    Nodes    |    Current Node    |     Objective Bounds      |     Work
 Expl Unexpl |  Obj  Depth IntInf | Incumbent    BestBd   Gap | It/Node Time

*    0     0               0    9.090181e+10 9.0902e+10  0.00%     -    0s

Explored 0 nodes (91 simplex iterations) in 0.00 seconds
Thread count was 4 (of 4 available processors)

Solution count 2: 9.09018e+10 8.27741e+11 

Optimal solution found (tolerance 1.00e-04)
Best objective 9.090180557000e+10, best bound 9.090180557000e+10, gap 0.0000%
Freed default Gurobi environment

Gurobi 8.0.0 (linux64, Python) logging started Sun May 27 21:06:15 2018

Academic license - for non-commercial use only
Optimize a model with 110 rows, 100 columns and 280 nonzeros
Variable types: 0 continuous, 100 integer (100 binary)
Coefficient statistics:
  Matrix range     [1e+00, 1e+00]
  Objective range  [2e+04, 4e+11]
  Bounds range     [1e+00, 1e+00]
  RHS range        [1e+00, 1e+00]
Warning: Model contains large objective coefficients
         Consider reformulating model or setting NumericFocus parameter
         to avoid numerical issues.
Found heuristic solution: objective 8.277411e+11
Presolve removed 10 rows and 0 columns
Presolve time: 0.00s
Presolved: 100 rows, 100 columns, 280 nonzeros
Variable types: 0 continuous, 100 integer (100 binary)

Root relaxation: objective 9.090181e+10, 91 iterations, 0.00 seconds

    Nodes    |    Current Node    |     Objective Bounds      |     Work
 Expl Unexpl |  Obj  Depth IntInf | Incumbent    BestBd   Gap | It/Node Time

*    0     0               0    9.090181e+10 9.0902e+10  0.00%     -    0s

Explored 0 nodes (91 simplex iterations) in 0.00 seconds
Thread count was 4 (of 4 available processors)

Solution count 2: 9.09018e+10 8.27741e+11 

Optimal solution found (tolerance 1.00e-04)
Best objective 9.090180557000e+10, best bound 9.090180557000e+10, gap 0.0000%
Freed default Gurobi environment

Gurobi 8.0.0 (linux64, Python) logging started Sun May 27 21:06:21 2018

Academic license - for non-commercial use only
Optimize a model with 110 rows, 100 columns and 280 nonzeros
Variable types: 0 continuous, 100 integer (100 binary)
Coefficient statistics:
  Matrix range     [1e+00, 1e+00]
  Objective range  [2e+04, 4e+11]
  Bounds range     [1e+00, 1e+00]
  RHS range        [1e+00, 1e+00]
Warning: Model contains large objective coefficients
         Consider reformulating model or setting NumericFocus parameter
         to avoid numerical issues.
Found heuristic solution: objective 8.277411e+11
Presolve removed 10 rows and 0 columns
Presolve time: 0.00s
Presolved: 100 rows, 100 columns, 280 nonzeros
Variable types: 0 continuous, 100 integer (100 binary)

Root relaxation: objective 9.090181e+10, 91 iterations, 0.00 seconds

    Nodes    |    Current Node    |     Objective Bounds      |     Work
 Expl Unexpl |  Obj  Depth IntInf | Incumbent    BestBd   Gap | It/Node Time

*    0     0               0    9.090181e+10 9.0902e+10  0.00%     -    0s

Explored 0 nodes (91 simplex iterations) in 0.01 seconds
Thread count was 4 (of 4 available processors)

Solution count 2: 9.09018e+10 8.27741e+11 

Optimal solution found (tolerance 1.00e-04)
Best objective 9.090180557000e+10, best bound 9.090180557000e+10, gap 0.0000%
Freed default Gurobi environment

Gurobi 8.0.0 (linux64, Python) logging started Sun May 27 21:07:21 2018

Academic license - for non-commercial use only
Optimize a model with 110 rows, 100 columns and 280 nonzeros
Variable types: 0 continuous, 100 integer (100 binary)
Coefficient statistics:
  Matrix range     [1e+00, 1e+00]
  Objective range  [2e+04, 4e+11]
  Bounds range     [1e+00, 1e+00]
  RHS range        [1e+00, 1e+00]
Warning: Model contains large objective coefficients
         Consider reformulating model or setting NumericFocus parameter
         to avoid numerical issues.
Found heuristic solution: objective 8.277411e+11
Presolve removed 10 rows and 0 columns
Presolve time: 0.00s
Presolved: 100 rows, 100 columns, 280 nonzeros
Variable types: 0 continuous, 100 integer (100 binary)

Root relaxation: objective 9.090181e+10, 91 iterations, 0.00 seconds

    Nodes    |    Current Node    |     Objective Bounds      |     Work
 Expl Unexpl |  Obj  Depth IntInf | Incumbent    BestBd   Gap | It/Node Time

*    0     0               0    9.090181e+10 9.0902e+10  0.00%     -    0s

Explored 0 nodes (91 simplex iterations) in 0.01 seconds
Thread count was 4 (of 4 available processors)

Solution count 2: 9.09018e+10 8.27741e+11 

Optimal solution found (tolerance 1.00e-04)
Best objective 9.090180557000e+10, best bound 9.090180557000e+10, gap 0.0000%
Freed default Gurobi environment

Gurobi 8.0.0 (linux64, Python) logging started Sun May 27 21:09:48 2018

Academic license - for non-commercial use only
Optimize a model with 110 rows, 100 columns and 280 nonzeros
Variable types: 0 continuous, 100 integer (100 binary)
Coefficient statistics:
  Matrix range     [1e+00, 1e+00]
  Objective range  [2e+04, 4e+11]
  Bounds range     [1e+00, 1e+00]
  RHS range        [1e+00, 1e+00]
Warning: Model contains large objective coefficients
         Consider reformulating model or setting NumericFocus parameter
         to avoid numerical issues.
Found heuristic solution: objective 8.277411e+11
Presolve removed 10 rows and 0 columns
Presolve time: 0.00s
Presolved: 100 rows, 100 columns, 280 nonzeros
Variable types: 0 continuous, 100 integer (100 binary)

Root relaxation: objective 9.090181e+10, 91 iterations, 0.00 seconds

    Nodes    |    Current Node    |     Objective Bounds      |     Work
 Expl Unexpl |  Obj  Depth IntInf | Incumbent    BestBd   Gap | It/Node Time

*    0     0               0    9.090181e+10 9.0902e+10  0.00%     -    0s

Explored 0 nodes (91 simplex iterations) in 0.01 seconds
Thread count was 4 (of 4 available processors)

Solution count 2: 9.09018e+10 8.27741e+11 

Optimal solution found (tolerance 1.00e-04)
Best objective 9.090180557000e+10, best bound 9.090180557000e+10, gap 0.0000%
Freed default Gurobi environment

Gurobi 8.0.0 (linux64, Python) logging started Sun May 27 21:10:10 2018

Academic license - for non-commercial use only
Optimize a model with 110 rows, 100 columns and 280 nonzeros
Variable types: 0 continuous, 100 integer (100 binary)
Coefficient statistics:
  Matrix range     [1e+00, 1e+00]
  Objective range  [2e+04, 4e+11]
  Bounds range     [1e+00, 1e+00]
  RHS range        [1e+00, 1e+00]
Warning: Model contains large objective coefficients
         Consider reformulating model or setting NumericFocus parameter
         to avoid numerical issues.
Found heuristic solution: objective 8.277411e+11
Presolve removed 10 rows and 0 columns
Presolve time: 0.00s
Presolved: 100 rows, 100 columns, 280 nonzeros
Variable types: 0 continuous, 100 integer (100 binary)

Root relaxation: objective 9.090181e+10, 91 iterations, 0.00 seconds

    Nodes    |    Current Node    |     Objective Bounds      |     Work
 Expl Unexpl |  Obj  Depth IntInf | Incumbent    BestBd   Gap | It/Node Time

*    0     0               0    9.090181e+10 9.0902e+10  0.00%     -    0s

Explored 0 nodes (91 simplex iterations) in 0.00 seconds
Thread count was 4 (of 4 available processors)

Solution count 2: 9.09018e+10 8.27741e+11 

Optimal solution found (tolerance 1.00e-04)
Best objective 9.090180557000e+10, best bound 9.090180557000e+10, gap 0.0000%
Freed default Gurobi environment

Gurobi 8.0.0 (linux64, Python) logging started Sun May 27 21:10:26 2018

Academic license - for non-commercial use only
Optimize a model with 110 rows, 100 columns and 280 nonzeros
Variable types: 0 continuous, 100 integer (100 binary)
Coefficient statistics:
  Matrix range     [1e+00, 1e+00]
  Objective range  [2e+04, 4e+11]
  Bounds range     [1e+00, 1e+00]
  RHS range        [1e+00, 1e+00]
Warning: Model contains large objective coefficients
         Consider reformulating model or setting NumericFocus parameter
         to avoid numerical issues.
Found heuristic solution: objective 8.277411e+11
Presolve removed 10 rows and 0 columns
Presolve time: 0.00s
Presolved: 100 rows, 100 columns, 280 nonzeros
Variable types: 0 continuous, 100 integer (100 binary)

Root relaxation: objective 9.090181e+10, 91 iterations, 0.00 seconds

    Nodes    |    Current Node    |     Objective Bounds      |     Work
 Expl Unexpl |  Obj  Depth IntInf | Incumbent    BestBd   Gap | It/Node Time

*    0     0               0    9.090181e+10 9.0902e+10  0.00%     -    0s

Explored 0 nodes (91 simplex iterations) in 0.00 seconds
Thread count was 4 (of 4 available processors)

Solution count 2: 9.09018e+10 8.27741e+11 

Optimal solution found (tolerance 1.00e-04)
Best objective 9.090180557000e+10, best bound 9.090180557000e+10, gap 0.0000%
Freed default Gurobi environment

Gurobi 8.0.0 (linux64, Python) logging started Sun May 27 21:23:33 2018

Academic license - for non-commercial use only
Optimize a model with 110 rows, 100 columns and 280 nonzeros
Variable types: 0 continuous, 100 integer (100 binary)
Coefficient statistics:
  Matrix range     [1e+00, 1e+00]
  Objective range  [2e+04, 4e+11]
  Bounds range     [1e+00, 1e+00]
  RHS range        [1e+00, 1e+00]
Warning: Model contains large objective coefficients
         Consider reformulating model or setting NumericFocus parameter
         to avoid numerical issues.
Found heuristic solution: objective 8.277411e+11
Presolve removed 10 rows and 0 columns
Presolve time: 0.00s
Presolved: 100 rows, 100 columns, 280 nonzeros
Variable types: 0 continuous, 100 integer (100 binary)

Root relaxation: objective 9.090181e+10, 91 iterations, 0.00 seconds

    Nodes    |    Current Node    |     Objective Bounds      |     Work
 Expl Unexpl |  Obj  Depth IntInf | Incumbent    BestBd   Gap | It/Node Time

*    0     0               0    9.090181e+10 9.0902e+10  0.00%     -    0s

Explored 0 nodes (91 simplex iterations) in 0.01 seconds
Thread count was 4 (of 4 available processors)

Solution count 2: 9.09018e+10 8.27741e+11 

Optimal solution found (tolerance 1.00e-04)
Best objective 9.090180557000e+10, best bound 9.090180557000e+10, gap 0.0000%
Freed default Gurobi environment

Gurobi 8.0.0 (linux64, Python) logging started Sun May 27 21:24:19 2018

Academic license - for non-commercial use only
Optimize a model with 110 rows, 100 columns and 280 nonzeros
Variable types: 0 continuous, 100 integer (100 binary)
Coefficient statistics:
  Matrix range     [1e+00, 1e+00]
  Objective range  [2e+04, 4e+11]
  Bounds range     [1e+00, 1e+00]
  RHS range        [1e+00, 1e+00]
Warning: Model contains large objective coefficients
         Consider reformulating model or setting NumericFocus parameter
         to avoid numerical issues.
Found heuristic solution: objective 8.277411e+11
Presolve removed 10 rows and 0 columns
Presolve time: 0.00s
Presolved: 100 rows, 100 columns, 280 nonzeros
Variable types: 0 continuous, 100 integer (100 binary)

Root relaxation: objective 9.090181e+10, 91 iterations, 0.00 seconds

    Nodes    |    Current Node    |     Objective Bounds      |     Work
 Expl Unexpl |  Obj  Depth IntInf | Incumbent    BestBd   Gap | It/Node Time

*    0     0               0    9.090181e+10 9.0902e+10  0.00%     -    0s

Explored 0 nodes (91 simplex iterations) in 0.00 seconds
Thread count was 4 (of 4 available processors)

Solution count 2: 9.09018e+10 8.27741e+11 

Optimal solution found (tolerance 1.00e-04)
Best objective 9.090180557000e+10, best bound 9.090180557000e+10, gap 0.0000%
Freed default Gurobi environment

Gurobi 8.0.0 (linux64, Python) logging started Sun May 27 21:25:57 2018

Academic license - for non-commercial use only
Optimize a model with 110 rows, 100 columns and 280 nonzeros
Variable types: 0 continuous, 100 integer (100 binary)
Coefficient statistics:
  Matrix range     [1e+00, 1e+00]
  Objective range  [2e+04, 4e+11]
  Bounds range     [1e+00, 1e+00]
  RHS range        [1e+00, 1e+00]
Warning: Model contains large objective coefficients
         Consider reformulating model or setting NumericFocus parameter
         to avoid numerical issues.
Found heuristic solution: objective 8.277411e+11
Presolve removed 10 rows and 0 columns
Presolve time: 0.00s
Presolved: 100 rows, 100 columns, 280 nonzeros
Variable types: 0 continuous, 100 integer (100 binary)

Root relaxation: objective 9.090181e+10, 91 iterations, 0.00 seconds

    Nodes    |    Current Node    |     Objective Bounds      |     Work
 Expl Unexpl |  Obj  Depth IntInf | Incumbent    BestBd   Gap | It/Node Time

*    0     0               0    9.090181e+10 9.0902e+10  0.00%     -    0s

Explored 0 nodes (91 simplex iterations) in 0.00 seconds
Thread count was 4 (of 4 available processors)

Solution count 2: 9.09018e+10 8.27741e+11 

Optimal solution found (tolerance 1.00e-04)
Best objective 9.090180557000e+10, best bound 9.090180557000e+10, gap 0.0000%
Freed default Gurobi environment

Gurobi 8.0.0 (linux64, Python) logging started Sun May 27 21:29:08 2018

Academic license - for non-commercial use only
Optimize a model with 110 rows, 100 columns and 280 nonzeros
Variable types: 0 continuous, 100 integer (100 binary)
Coefficient statistics:
  Matrix range     [1e+00, 1e+00]
  Objective range  [2e+04, 4e+11]
  Bounds range     [1e+00, 1e+00]
  RHS range        [1e+00, 1e+00]
Warning: Model contains large objective coefficients
         Consider reformulating model or setting NumericFocus parameter
         to avoid numerical issues.
Found heuristic solution: objective 8.277411e+11
Presolve removed 10 rows and 0 columns
Presolve time: 0.00s
Presolved: 100 rows, 100 columns, 280 nonzeros
Variable types: 0 continuous, 100 integer (100 binary)

Root relaxation: objective 9.090181e+10, 91 iterations, 0.00 seconds

    Nodes    |    Current Node    |     Objective Bounds      |     Work
 Expl Unexpl |  Obj  Depth IntInf | Incumbent    BestBd   Gap | It/Node Time

*    0     0               0    9.090181e+10 9.0902e+10  0.00%     -    0s

Explored 0 nodes (91 simplex iterations) in 0.00 seconds
Thread count was 4 (of 4 available processors)

Solution count 2: 9.09018e+10 8.27741e+11 

Optimal solution found (tolerance 1.00e-04)
Best objective 9.090180557000e+10, best bound 9.090180557000e+10, gap 0.0000%
Freed default Gurobi environment

Gurobi 8.0.0 (linux64, Python) logging started Sun May 27 21:29:23 2018

Academic license - for non-commercial use only
Optimize a model with 110 rows, 100 columns and 280 nonzeros
Variable types: 0 continuous, 100 integer (100 binary)
Coefficient statistics:
  Matrix range     [1e+00, 1e+00]
  Objective range  [2e+04, 4e+11]
  Bounds range     [1e+00, 1e+00]
  RHS range        [1e+00, 1e+00]
Warning: Model contains large objective coefficients
         Consider reformulating model or setting NumericFocus parameter
         to avoid numerical issues.
Found heuristic solution: objective 8.277411e+11
Presolve removed 10 rows and 0 columns
Presolve time: 0.00s
Presolved: 100 rows, 100 columns, 280 nonzeros
Variable types: 0 continuous, 100 integer (100 binary)

Root relaxation: objective 9.090181e+10, 91 iterations, 0.00 seconds

    Nodes    |    Current Node    |     Objective Bounds      |     Work
 Expl Unexpl |  Obj  Depth IntInf | Incumbent    BestBd   Gap | It/Node Time

*    0     0               0    9.090181e+10 9.0902e+10  0.00%     -    0s

Explored 0 nodes (91 simplex iterations) in 0.01 seconds
Thread count was 4 (of 4 available processors)

Solution count 2: 9.09018e+10 8.27741e+11 

Optimal solution found (tolerance 1.00e-04)
Best objective 9.090180557000e+10, best bound 9.090180557000e+10, gap 0.0000%
Freed default Gurobi environment

Gurobi 8.0.0 (linux64, Python) logging started Sun May 27 21:35:58 2018

Academic license - for non-commercial use only
Optimize a model with 110 rows, 100 columns and 280 nonzeros
Variable types: 0 continuous, 100 integer (100 binary)
Coefficient statistics:
  Matrix range     [1e+00, 1e+00]
  Objective range  [2e+04, 4e+11]
  Bounds range     [1e+00, 1e+00]
  RHS range        [1e+00, 1e+00]
Warning: Model contains large objective coefficients
         Consider reformulating model or setting NumericFocus parameter
         to avoid numerical issues.
Found heuristic solution: objective 8.277411e+11
Presolve removed 10 rows and 0 columns
Presolve time: 0.00s
Presolved: 100 rows, 100 columns, 280 nonzeros
Variable types: 0 continuous, 100 integer (100 binary)

Root relaxation: objective 9.090181e+10, 91 iterations, 0.00 seconds

    Nodes    |    Current Node    |     Objective Bounds      |     Work
 Expl Unexpl |  Obj  Depth IntInf | Incumbent    BestBd   Gap | It/Node Time

*    0     0               0    9.090181e+10 9.0902e+10  0.00%     -    0s

Explored 0 nodes (91 simplex iterations) in 0.01 seconds
Thread count was 4 (of 4 available processors)

Solution count 2: 9.09018e+10 8.27741e+11 

Optimal solution found (tolerance 1.00e-04)
Best objective 9.090180557000e+10, best bound 9.090180557000e+10, gap 0.0000%
Freed default Gurobi environment

Gurobi 8.0.0 (linux64, Python) logging started Sun May 27 21:36:24 2018

Academic license - for non-commercial use only
Optimize a model with 110 rows, 100 columns and 280 nonzeros
Variable types: 0 continuous, 100 integer (100 binary)
Coefficient statistics:
  Matrix range     [1e+00, 1e+00]
  Objective range  [2e+04, 4e+11]
  Bounds range     [1e+00, 1e+00]
  RHS range        [1e+00, 1e+00]
Warning: Model contains large objective coefficients
         Consider reformulating model or setting NumericFocus parameter
         to avoid numerical issues.
Found heuristic solution: objective 8.277411e+11
Presolve removed 10 rows and 0 columns
Presolve time: 0.00s
Presolved: 100 rows, 100 columns, 280 nonzeros
Variable types: 0 continuous, 100 integer (100 binary)

Root relaxation: objective 9.090181e+10, 91 iterations, 0.00 seconds

    Nodes    |    Current Node    |     Objective Bounds      |     Work
 Expl Unexpl |  Obj  Depth IntInf | Incumbent    BestBd   Gap | It/Node Time

*    0     0               0    9.090181e+10 9.0902e+10  0.00%     -    0s

Explored 0 nodes (91 simplex iterations) in 0.01 seconds
Thread count was 4 (of 4 available processors)

Solution count 2: 9.09018e+10 8.27741e+11 

Optimal solution found (tolerance 1.00e-04)
Best objective 9.090180557000e+10, best bound 9.090180557000e+10, gap 0.0000%
Freed default Gurobi environment

Gurobi 8.0.0 (linux64, Python) logging started Sun May 27 21:36:25 2018

Academic license - for non-commercial use only
Optimize a model with 110 rows, 100 columns and 280 nonzeros
Variable types: 0 continuous, 100 integer (100 binary)
Coefficient statistics:
  Matrix range     [1e+00, 1e+00]
  Objective range  [2e+04, 4e+11]
  Bounds range     [1e+00, 1e+00]
  RHS range        [1e+00, 1e+00]
Warning: Model contains large objective coefficients
         Consider reformulating model or setting NumericFocus parameter
         to avoid numerical issues.
Found heuristic solution: objective 8.277411e+11
Presolve removed 10 rows and 0 columns
Presolve time: 0.00s
Presolved: 100 rows, 100 columns, 280 nonzeros
Variable types: 0 continuous, 100 integer (100 binary)

Root relaxation: objective 9.090181e+10, 91 iterations, 0.00 seconds

    Nodes    |    Current Node    |     Objective Bounds      |     Work
 Expl Unexpl |  Obj  Depth IntInf | Incumbent    BestBd   Gap | It/Node Time

*    0     0               0    9.090181e+10 9.0902e+10  0.00%     -    0s

Explored 0 nodes (91 simplex iterations) in 0.00 seconds
Thread count was 4 (of 4 available processors)

Solution count 2: 9.09018e+10 8.27741e+11 

Optimal solution found (tolerance 1.00e-04)
Best objective 9.090180557000e+10, best bound 9.090180557000e+10, gap 0.0000%
Freed default Gurobi environment

Gurobi 8.0.0 (linux64, Python) logging started Sun May 27 21:51:45 2018

Academic license - for non-commercial use only
Optimize a model with 110 rows, 100 columns and 280 nonzeros
Variable types: 0 continuous, 100 integer (100 binary)
Coefficient statistics:
  Matrix range     [1e+00, 1e+00]
  Objective range  [2e+04, 4e+11]
  Bounds range     [1e+00, 1e+00]
  RHS range        [1e+00, 1e+00]
Warning: Model contains large objective coefficients
         Consider reformulating model or setting NumericFocus parameter
         to avoid numerical issues.
Found heuristic solution: objective 8.277411e+11
Presolve removed 10 rows and 0 columns
Presolve time: 0.00s
Presolved: 100 rows, 100 columns, 280 nonzeros
Variable types: 0 continuous, 100 integer (100 binary)

Root relaxation: objective 9.090181e+10, 91 iterations, 0.00 seconds

    Nodes    |    Current Node    |     Objective Bounds      |     Work
 Expl Unexpl |  Obj  Depth IntInf | Incumbent    BestBd   Gap | It/Node Time

*    0     0               0    9.090181e+10 9.0902e+10  0.00%     -    0s

Explored 0 nodes (91 simplex iterations) in 0.00 seconds
Thread count was 4 (of 4 available processors)

Solution count 2: 9.09018e+10 8.27741e+11 

Optimal solution found (tolerance 1.00e-04)
Best objective 9.090180557000e+10, best bound 9.090180557000e+10, gap 0.0000%
Freed default Gurobi environment

Gurobi 8.0.0 (linux64, Python) logging started Sun May 27 21:51:49 2018

Academic license - for non-commercial use only
Optimize a model with 110 rows, 100 columns and 280 nonzeros
Variable types: 0 continuous, 100 integer (100 binary)
Coefficient statistics:
  Matrix range     [1e+00, 1e+00]
  Objective range  [2e+04, 4e+11]
  Bounds range     [1e+00, 1e+00]
  RHS range        [1e+00, 1e+00]
Warning: Model contains large objective coefficients
         Consider reformulating model or setting NumericFocus parameter
         to avoid numerical issues.
Found heuristic solution: objective 8.277411e+11
Presolve removed 10 rows and 0 columns
Presolve time: 0.00s
Presolved: 100 rows, 100 columns, 280 nonzeros
Variable types: 0 continuous, 100 integer (100 binary)

Root relaxation: objective 9.090181e+10, 91 iterations, 0.00 seconds

    Nodes    |    Current Node    |     Objective Bounds      |     Work
 Expl Unexpl |  Obj  Depth IntInf | Incumbent    BestBd   Gap | It/Node Time

*    0     0               0    9.090181e+10 9.0902e+10  0.00%     -    0s

Explored 0 nodes (91 simplex iterations) in 0.01 seconds
Thread count was 4 (of 4 available processors)

Solution count 2: 9.09018e+10 8.27741e+11 

Optimal solution found (tolerance 1.00e-04)
Best objective 9.090180557000e+10, best bound 9.090180557000e+10, gap 0.0000%
Freed default Gurobi environment

Gurobi 8.0.0 (linux64, Python) logging started Sun May 27 21:52:20 2018

Academic license - for non-commercial use only
Optimize a model with 110 rows, 100 columns and 280 nonzeros
Variable types: 0 continuous, 100 integer (100 binary)
Coefficient statistics:
  Matrix range     [1e+00, 1e+00]
  Objective range  [2e+08, 4e+11]
  Bounds range     [1e+00, 1e+00]
  RHS range        [1e+00, 1e+00]
Warning: Model contains large objective coefficients
         Consider reformulating model or setting NumericFocus parameter
         to avoid numerical issues.
Found heuristic solution: objective 8.367178e+11
Presolve removed 10 rows and 0 columns
Presolve time: 0.00s
Presolved: 100 rows, 100 columns, 280 nonzeros
Variable types: 0 continuous, 100 integer (100 binary)

Root relaxation: objective 1.048464e+11, 91 iterations, 0.00 seconds

    Nodes    |    Current Node    |     Objective Bounds      |     Work
 Expl Unexpl |  Obj  Depth IntInf | Incumbent    BestBd   Gap | It/Node Time

*    0     0               0    1.048464e+11 1.0485e+11  0.00%     -    0s

Explored 0 nodes (91 simplex iterations) in 0.00 seconds
Thread count was 4 (of 4 available processors)

Solution count 2: 1.04846e+11 8.36718e+11 

Optimal solution found (tolerance 1.00e-04)
Best objective 1.048464441908e+11, best bound 1.048464441908e+11, gap 0.0000%
Freed default Gurobi environment

Gurobi 8.0.0 (linux64, Python) logging started Sun May 27 21:52:22 2018

Academic license - for non-commercial use only
Optimize a model with 110 rows, 100 columns and 280 nonzeros
Variable types: 0 continuous, 100 integer (100 binary)
Coefficient statistics:
  Matrix range     [1e+00, 1e+00]
  Objective range  [2e+08, 4e+11]
  Bounds range     [1e+00, 1e+00]
  RHS range        [1e+00, 1e+00]
Warning: Model contains large objective coefficients
         Consider reformulating model or setting NumericFocus parameter
         to avoid numerical issues.
Found heuristic solution: objective 8.367178e+11
Presolve removed 10 rows and 0 columns
Presolve time: 0.00s
Presolved: 100 rows, 100 columns, 280 nonzeros
Variable types: 0 continuous, 100 integer (100 binary)

Root relaxation: objective 1.048464e+11, 91 iterations, 0.00 seconds

    Nodes    |    Current Node    |     Objective Bounds      |     Work
 Expl Unexpl |  Obj  Depth IntInf | Incumbent    BestBd   Gap | It/Node Time

*    0     0               0    1.048464e+11 1.0485e+11  0.00%     -    0s

Explored 0 nodes (91 simplex iterations) in 0.00 seconds
Thread count was 4 (of 4 available processors)

Solution count 2: 1.04846e+11 8.36718e+11 

Optimal solution found (tolerance 1.00e-04)
Best objective 1.048464441908e+11, best bound 1.048464441908e+11, gap 0.0000%
Freed default Gurobi environment

Gurobi 8.0.0 (linux64, Python) logging started Sun May 27 21:54:18 2018

Academic license - for non-commercial use only
Optimize a model with 110 rows, 100 columns and 280 nonzeros
Variable types: 0 continuous, 100 integer (100 binary)
Coefficient statistics:
  Matrix range     [1e+00, 1e+00]
  Objective range  [2e+08, 4e+11]
  Bounds range     [1e+00, 1e+00]
  RHS range        [1e+00, 1e+00]
Warning: Model contains large objective coefficients
         Consider reformulating model or setting NumericFocus parameter
         to avoid numerical issues.
Found heuristic solution: objective 8.367178e+11
Presolve removed 10 rows and 0 columns
Presolve time: 0.00s
Presolved: 100 rows, 100 columns, 280 nonzeros
Variable types: 0 continuous, 100 integer (100 binary)

Root relaxation: objective 1.048464e+11, 91 iterations, 0.00 seconds

    Nodes    |    Current Node    |     Objective Bounds      |     Work
 Expl Unexpl |  Obj  Depth IntInf | Incumbent    BestBd   Gap | It/Node Time

*    0     0               0    1.048464e+11 1.0485e+11  0.00%     -    0s

Explored 0 nodes (91 simplex iterations) in 0.00 seconds
Thread count was 4 (of 4 available processors)

Solution count 2: 1.04846e+11 8.36718e+11 

Optimal solution found (tolerance 1.00e-04)
Best objective 1.048464441908e+11, best bound 1.048464441908e+11, gap 0.0000%
Freed default Gurobi environment

Gurobi 8.0.0 (linux64, Python) logging started Sun May 27 22:02:38 2018

Academic license - for non-commercial use only
Optimize a model with 110 rows, 100 columns and 280 nonzeros
Variable types: 0 continuous, 100 integer (100 binary)
Coefficient statistics:
  Matrix range     [1e+00, 1e+00]
  Objective range  [2e+08, 4e+11]
  Bounds range     [1e+00, 1e+00]
  RHS range        [1e+00, 1e+00]
Warning: Model contains large objective coefficients
         Consider reformulating model or setting NumericFocus parameter
         to avoid numerical issues.
Found heuristic solution: objective 8.367178e+11
Presolve removed 10 rows and 0 columns
Presolve time: 0.00s
Presolved: 100 rows, 100 columns, 280 nonzeros
Variable types: 0 continuous, 100 integer (100 binary)

Root relaxation: objective 1.048464e+11, 91 iterations, 0.00 seconds

    Nodes    |    Current Node    |     Objective Bounds      |     Work
 Expl Unexpl |  Obj  Depth IntInf | Incumbent    BestBd   Gap | It/Node Time

*    0     0               0    1.048464e+11 1.0485e+11  0.00%     -    0s

Explored 0 nodes (91 simplex iterations) in 0.00 seconds
Thread count was 4 (of 4 available processors)

Solution count 2: 1.04846e+11 8.36718e+11 

Optimal solution found (tolerance 1.00e-04)
Best objective 1.048464441908e+11, best bound 1.048464441908e+11, gap 0.0000%
Freed default Gurobi environment

Gurobi 8.0.0 (linux64, Python) logging started Sun May 27 22:03:39 2018

Academic license - for non-commercial use only
Optimize a model with 110 rows, 100 columns and 280 nonzeros
Variable types: 0 continuous, 100 integer (100 binary)
Coefficient statistics:
  Matrix range     [1e+00, 1e+00]
  Objective range  [2e+08, 4e+11]
  Bounds range     [1e+00, 1e+00]
  RHS range        [1e+00, 1e+00]
Warning: Model contains large objective coefficients
         Consider reformulating model or setting NumericFocus parameter
         to avoid numerical issues.
Found heuristic solution: objective 8.367178e+11
Presolve removed 10 rows and 0 columns
Presolve time: 0.00s
Presolved: 100 rows, 100 columns, 280 nonzeros
Variable types: 0 continuous, 100 integer (100 binary)

Root relaxation: objective 1.048464e+11, 91 iterations, 0.00 seconds

    Nodes    |    Current Node    |     Objective Bounds      |     Work
 Expl Unexpl |  Obj  Depth IntInf | Incumbent    BestBd   Gap | It/Node Time

*    0     0               0    1.048464e+11 1.0485e+11  0.00%     -    0s

Explored 0 nodes (91 simplex iterations) in 0.00 seconds
Thread count was 4 (of 4 available processors)

Solution count 2: 1.04846e+11 8.36718e+11 

Optimal solution found (tolerance 1.00e-04)
Best objective 1.048464441908e+11, best bound 1.048464441908e+11, gap 0.0000%
Freed default Gurobi environment

Gurobi 8.0.0 (linux64, Python) logging started Sun May 27 22:03:51 2018

Academic license - for non-commercial use only
Optimize a model with 110 rows, 100 columns and 280 nonzeros
Variable types: 0 continuous, 100 integer (100 binary)
Coefficient statistics:
  Matrix range     [1e+00, 1e+00]
  Objective range  [2e+08, 4e+11]
  Bounds range     [1e+00, 1e+00]
  RHS range        [1e+00, 1e+00]
Warning: Model contains large objective coefficients
         Consider reformulating model or setting NumericFocus parameter
         to avoid numerical issues.
Found heuristic solution: objective 8.367178e+11
Presolve removed 10 rows and 0 columns
Presolve time: 0.00s
Presolved: 100 rows, 100 columns, 280 nonzeros
Variable types: 0 continuous, 100 integer (100 binary)

Root relaxation: objective 1.048464e+11, 91 iterations, 0.00 seconds

    Nodes    |    Current Node    |     Objective Bounds      |     Work
 Expl Unexpl |  Obj  Depth IntInf | Incumbent    BestBd   Gap | It/Node Time

*    0     0               0    1.048464e+11 1.0485e+11  0.00%     -    0s

Explored 0 nodes (91 simplex iterations) in 0.00 seconds
Thread count was 4 (of 4 available processors)

Solution count 2: 1.04846e+11 8.36718e+11 

Optimal solution found (tolerance 1.00e-04)
Best objective 1.048464441908e+11, best bound 1.048464441908e+11, gap 0.0000%
Freed default Gurobi environment

Gurobi 8.0.0 (linux64, Python) logging started Sun May 27 22:04:52 2018

Academic license - for non-commercial use only
Optimize a model with 110 rows, 100 columns and 280 nonzeros
Variable types: 0 continuous, 100 integer (100 binary)
Coefficient statistics:
  Matrix range     [1e+00, 1e+00]
  Objective range  [2e+08, 4e+11]
  Bounds range     [1e+00, 1e+00]
  RHS range        [1e+00, 1e+00]
Warning: Model contains large objective coefficients
         Consider reformulating model or setting NumericFocus parameter
         to avoid numerical issues.
Found heuristic solution: objective 8.367178e+11
Presolve removed 10 rows and 0 columns
Presolve time: 0.00s
Presolved: 100 rows, 100 columns, 280 nonzeros
Variable types: 0 continuous, 100 integer (100 binary)

Root relaxation: objective 1.048464e+11, 91 iterations, 0.00 seconds

    Nodes    |    Current Node    |     Objective Bounds      |     Work
 Expl Unexpl |  Obj  Depth IntInf | Incumbent    BestBd   Gap | It/Node Time

*    0     0               0    1.048464e+11 1.0485e+11  0.00%     -    0s

Explored 0 nodes (91 simplex iterations) in 0.02 seconds
Thread count was 4 (of 4 available processors)

Solution count 2: 1.04846e+11 8.36718e+11 

Optimal solution found (tolerance 1.00e-04)
Best objective 1.048464441908e+11, best bound 1.048464441908e+11, gap 0.0000%
Freed default Gurobi environment

Gurobi 8.0.0 (linux64, Python) logging started Sun May 27 22:05:46 2018

Academic license - for non-commercial use only
Optimize a model with 110 rows, 100 columns and 280 nonzeros
Variable types: 0 continuous, 100 integer (100 binary)
Coefficient statistics:
  Matrix range     [1e+00, 1e+00]
  Objective range  [2e+08, 4e+11]
  Bounds range     [1e+00, 1e+00]
  RHS range        [1e+00, 1e+00]
Warning: Model contains large objective coefficients
         Consider reformulating model or setting NumericFocus parameter
         to avoid numerical issues.
Found heuristic solution: objective 8.367178e+11
Presolve removed 10 rows and 0 columns
Presolve time: 0.00s
Presolved: 100 rows, 100 columns, 280 nonzeros
Variable types: 0 continuous, 100 integer (100 binary)

Root relaxation: objective 1.048464e+11, 91 iterations, 0.00 seconds

    Nodes    |    Current Node    |     Objective Bounds      |     Work
 Expl Unexpl |  Obj  Depth IntInf | Incumbent    BestBd   Gap | It/Node Time

*    0     0               0    1.048464e+11 1.0485e+11  0.00%     -    0s

Explored 0 nodes (91 simplex iterations) in 0.00 seconds
Thread count was 4 (of 4 available processors)

Solution count 2: 1.04846e+11 8.36718e+11 

Optimal solution found (tolerance 1.00e-04)
Best objective 1.048464441908e+11, best bound 1.048464441908e+11, gap 0.0000%
Freed default Gurobi environment

Gurobi 8.0.0 (linux64, Python) logging started Sun May 27 22:05:54 2018

Academic license - for non-commercial use only
Optimize a model with 110 rows, 100 columns and 280 nonzeros
Variable types: 0 continuous, 100 integer (100 binary)
Coefficient statistics:
  Matrix range     [1e+00, 1e+00]
  Objective range  [2e+08, 4e+11]
  Bounds range     [1e+00, 1e+00]
  RHS range        [1e+00, 1e+00]
Warning: Model contains large objective coefficients
         Consider reformulating model or setting NumericFocus parameter
         to avoid numerical issues.
Found heuristic solution: objective 8.367178e+11
Presolve removed 10 rows and 0 columns
Presolve time: 0.00s
Presolved: 100 rows, 100 columns, 280 nonzeros
Variable types: 0 continuous, 100 integer (100 binary)

Root relaxation: objective 1.048464e+11, 91 iterations, 0.00 seconds

    Nodes    |    Current Node    |     Objective Bounds      |     Work
 Expl Unexpl |  Obj  Depth IntInf | Incumbent    BestBd   Gap | It/Node Time

*    0     0               0    1.048464e+11 1.0485e+11  0.00%     -    0s

Explored 0 nodes (91 simplex iterations) in 0.00 seconds
Thread count was 4 (of 4 available processors)

Solution count 2: 1.04846e+11 8.36718e+11 

Optimal solution found (tolerance 1.00e-04)
Best objective 1.048464441908e+11, best bound 1.048464441908e+11, gap 0.0000%
Freed default Gurobi environment

Gurobi 8.0.0 (linux64, Python) logging started Sun May 27 22:06:28 2018

Academic license - for non-commercial use only
Optimize a model with 110 rows, 100 columns and 280 nonzeros
Variable types: 0 continuous, 100 integer (100 binary)
Coefficient statistics:
  Matrix range     [1e+00, 1e+00]
  Objective range  [2e+08, 4e+11]
  Bounds range     [1e+00, 1e+00]
  RHS range        [1e+00, 1e+00]
Warning: Model contains large objective coefficients
         Consider reformulating model or setting NumericFocus parameter
         to avoid numerical issues.
Found heuristic solution: objective 8.367178e+11
Presolve removed 10 rows and 0 columns
Presolve time: 0.00s
Presolved: 100 rows, 100 columns, 280 nonzeros
Variable types: 0 continuous, 100 integer (100 binary)

Root relaxation: objective 1.048464e+11, 91 iterations, 0.00 seconds

    Nodes    |    Current Node    |     Objective Bounds      |     Work
 Expl Unexpl |  Obj  Depth IntInf | Incumbent    BestBd   Gap | It/Node Time

*    0     0               0    1.048464e+11 1.0485e+11  0.00%     -    0s

Explored 0 nodes (91 simplex iterations) in 0.01 seconds
Thread count was 4 (of 4 available processors)

Solution count 2: 1.04846e+11 8.36718e+11 

Optimal solution found (tolerance 1.00e-04)
Best objective 1.048464441908e+11, best bound 1.048464441908e+11, gap 0.0000%
Freed default Gurobi environment

Gurobi 8.0.0 (linux64, Python) logging started Sun May 27 22:06:47 2018

Academic license - for non-commercial use only
Optimize a model with 110 rows, 100 columns and 280 nonzeros
Variable types: 0 continuous, 100 integer (100 binary)
Coefficient statistics:
  Matrix range     [1e+00, 1e+00]
  Objective range  [2e+08, 4e+11]
  Bounds range     [1e+00, 1e+00]
  RHS range        [1e+00, 1e+00]
Warning: Model contains large objective coefficients
         Consider reformulating model or setting NumericFocus parameter
         to avoid numerical issues.
Found heuristic solution: objective 8.367178e+11
Presolve removed 10 rows and 0 columns
Presolve time: 0.00s
Presolved: 100 rows, 100 columns, 280 nonzeros
Variable types: 0 continuous, 100 integer (100 binary)

Root relaxation: objective 1.048464e+11, 91 iterations, 0.00 seconds

    Nodes    |    Current Node    |     Objective Bounds      |     Work
 Expl Unexpl |  Obj  Depth IntInf | Incumbent    BestBd   Gap | It/Node Time

*    0     0               0    1.048464e+11 1.0485e+11  0.00%     -    0s

Explored 0 nodes (91 simplex iterations) in 0.00 seconds
Thread count was 4 (of 4 available processors)

Solution count 2: 1.04846e+11 8.36718e+11 

Optimal solution found (tolerance 1.00e-04)
Best objective 1.048464441908e+11, best bound 1.048464441908e+11, gap 0.0000%
Freed default Gurobi environment

Gurobi 8.0.0 (linux64, Python) logging started Sun May 27 22:08:51 2018

Academic license - for non-commercial use only
Optimize a model with 110 rows, 100 columns and 280 nonzeros
Variable types: 0 continuous, 100 integer (100 binary)
Coefficient statistics:
  Matrix range     [1e+00, 1e+00]
  Objective range  [2e+08, 4e+11]
  Bounds range     [1e+00, 1e+00]
  RHS range        [1e+00, 1e+00]
Warning: Model contains large objective coefficients
         Consider reformulating model or setting NumericFocus parameter
         to avoid numerical issues.
Found heuristic solution: objective 8.367178e+11
Presolve removed 10 rows and 0 columns
Presolve time: 0.00s
Presolved: 100 rows, 100 columns, 280 nonzeros
Variable types: 0 continuous, 100 integer (100 binary)

Root relaxation: objective 1.048464e+11, 91 iterations, 0.00 seconds

    Nodes    |    Current Node    |     Objective Bounds      |     Work
 Expl Unexpl |  Obj  Depth IntInf | Incumbent    BestBd   Gap | It/Node Time

*    0     0               0    1.048464e+11 1.0485e+11  0.00%     -    0s

Explored 0 nodes (91 simplex iterations) in 0.01 seconds
Thread count was 4 (of 4 available processors)

Solution count 2: 1.04846e+11 8.36718e+11 

Optimal solution found (tolerance 1.00e-04)
Best objective 1.048464441908e+11, best bound 1.048464441908e+11, gap 0.0000%
Freed default Gurobi environment
